<?xml version="1.0" encoding="UTF-8"?>
<!-- Generated by org.testng.reporters.JUnitReportReporter -->
<testsuite hostname="LAPTOP-N5I0RG60" failures="0" tests="5" name="com.testCases.TC003_LoginDDT" time="36.606" errors="0" timestamp="2024-09-16T20:09:18 IST" skipped="0">
  <testcase classname="com.testCases.TC003_LoginDDT" name="verify_loginDDT" time="1.863"/>
  <testcase classname="com.testCases.TC003_LoginDDT" name="verify_loginDDT" time="11.238"/>
  <testcase classname="com.testCases.TC003_LoginDDT" name="verify_loginDDT" time="10.938"/>
  <testcase classname="com.testCases.TC003_LoginDDT" name="verify_loginDDT" time="1.465"/>
  <testcase classname="com.testCases.TC003_LoginDDT" name="verify_loginDDT" time="11.102"/>
</testsuite> <!-- com.testCases.TC003_LoginDDT -->
