<?xml version="1.0" encoding="UTF-8"?>
<!-- Generated by org.testng.reporters.JUnitReportReporter -->
<testsuite hostname="LAPTOP-N5I0RG60" failures="0" tests="1" name="com.testCases.TC001_AccountRegistrationTest" time="5.665" errors="0" timestamp="2024-09-20T17:00:09 IST" skipped="0">
  <testcase classname="com.testCases.TC001_AccountRegistrationTest" name="verify_account_registraion" time="5.665"/>
</testsuite> <!-- com.testCases.TC001_AccountRegistrationTest -->
