<?xml version="1.0" encoding="UTF-8"?>
<!-- Generated by org.testng.reporters.JUnitReportReporter -->
<testsuite hostname="LAPTOP-N5I0RG60" failures="0" tests="1" name="com.testCases.TC002_LoginTest" time="2.704" errors="0" timestamp="2024-09-20T17:00:09 IST" skipped="0">
  <testcase classname="com.testCases.TC002_LoginTest" name="verify_login" time="2.704"/>
</testsuite> <!-- com.testCases.TC002_LoginTest -->
